mode: atomic
/Users/chenx/Documents/Github/tv/buffer.go:20.32,22.2 1 1
/Users/chenx/Documents/Github/tv/buffer.go:24.50,26.19 2 5
/Users/chenx/Documents/Github/tv/buffer.go:29.2,29.29 1 5
/Users/chenx/Documents/Github/tv/buffer.go:32.2,34.12 3 4
/Users/chenx/Documents/Github/tv/buffer.go:26.19,28.3 1 0
/Users/chenx/Documents/Github/tv/buffer.go:29.29,31.3 1 1
/Users/chenx/Documents/Github/tv/buffer.go:37.33,40.32 3 2
/Users/chenx/Documents/Github/tv/buffer.go:43.2,44.32 2 2
/Users/chenx/Documents/Github/tv/buffer.go:47.2,47.20 1 2
/Users/chenx/Documents/Github/tv/buffer.go:60.2,60.19 1 2
/Users/chenx/Documents/Github/tv/buffer.go:69.2,69.19 1 2
/Users/chenx/Documents/Github/tv/buffer.go:76.2,76.19 1 2
/Users/chenx/Documents/Github/tv/buffer.go:40.32,42.3 1 8
/Users/chenx/Documents/Github/tv/buffer.go:44.32,46.3 1 4
/Users/chenx/Documents/Github/tv/buffer.go:47.20,51.35 4 0
/Users/chenx/Documents/Github/tv/buffer.go:56.3,57.14 2 0
/Users/chenx/Documents/Github/tv/buffer.go:51.35,55.4 3 0
/Users/chenx/Documents/Github/tv/buffer.go:60.19,61.33 1 0
/Users/chenx/Documents/Github/tv/buffer.go:66.3,66.14 1 0
/Users/chenx/Documents/Github/tv/buffer.go:61.33,65.4 3 0
/Users/chenx/Documents/Github/tv/buffer.go:69.19,74.3 4 1
/Users/chenx/Documents/Github/tv/buffer.go:76.19,78.3 1 1
/Users/chenx/Documents/Github/tv/error.go:9.28,10.16 1 0
/Users/chenx/Documents/Github/tv/error.go:10.16,16.3 5 0
/Users/chenx/Documents/Github/tv/fIO.go:10.43,11.17 1 0
/Users/chenx/Documents/Github/tv/fIO.go:14.2,15.16 2 0
/Users/chenx/Documents/Github/tv/fIO.go:18.2,23.21 4 0
/Users/chenx/Documents/Github/tv/fIO.go:47.2,47.12 1 0
/Users/chenx/Documents/Github/tv/fIO.go:11.17,13.3 1 0
/Users/chenx/Documents/Github/tv/fIO.go:15.16,17.3 1 0
/Users/chenx/Documents/Github/tv/fIO.go:23.21,26.72 2 0
/Users/chenx/Documents/Github/tv/fIO.go:30.3,30.18 1 0
/Users/chenx/Documents/Github/tv/fIO.go:42.3,43.17 2 0
/Users/chenx/Documents/Github/tv/fIO.go:26.72,27.12 1 0
/Users/chenx/Documents/Github/tv/fIO.go:30.18,31.36 1 0
/Users/chenx/Documents/Github/tv/fIO.go:31.36,33.5 1 0
/Users/chenx/Documents/Github/tv/fIO.go:33.10,33.42 1 0
/Users/chenx/Documents/Github/tv/fIO.go:33.42,35.5 1 0
/Users/chenx/Documents/Github/tv/fIO.go:35.10,35.42 1 0
/Users/chenx/Documents/Github/tv/fIO.go:35.42,37.5 1 0
/Users/chenx/Documents/Github/tv/fIO.go:37.10,39.5 1 0
/Users/chenx/Documents/Github/tv/fIO.go:43.17,45.4 1 0
/Users/chenx/Documents/Github/tv/fIO.go:50.31,51.41 1 0
/Users/chenx/Documents/Github/tv/fIO.go:56.2,56.13 1 0
/Users/chenx/Documents/Github/tv/fIO.go:51.41,52.25 1 0
/Users/chenx/Documents/Github/tv/fIO.go:52.25,54.4 1 0
/Users/chenx/Documents/Github/tv/init.go:9.17,13.2 3 0
/Users/chenx/Documents/Github/tv/tv.go:7.13,18.55 11 0
/Users/chenx/Documents/Github/tv/tv.go:18.55,19.13 1 0
/Users/chenx/Documents/Github/tv/view.go:8.24,10.28 2 0
/Users/chenx/Documents/Github/tv/view.go:23.2,23.22 1 0
/Users/chenx/Documents/Github/tv/view.go:10.28,11.29 1 0
/Users/chenx/Documents/Github/tv/view.go:11.29,13.22 2 0
/Users/chenx/Documents/Github/tv/view.go:16.4,19.32 1 0
/Users/chenx/Documents/Github/tv/view.go:13.22,15.5 1 0
/Users/chenx/Documents/Github/tv/args.go:10.32,14.2 3 0
/Users/chenx/Documents/Github/tv/args.go:16.30,18.2 1 0
/Users/chenx/Documents/Github/tv/args.go:19.34,21.2 1 0
